<?xml version="1.0" encoding="UTF-8"?>
<testsuite name="TestCommission" tests="2" skipped="0" failures="0" errors="0" timestamp="2023-11-16T21:07:19" hostname="DESKTOP-5RGA9OQ" time="1.079">
  <properties/>
  <testcase name="testGetCommissionSkipWhileLoop" classname="TestCommission" time="0.679"/>
  <testcase name="testGetCommissionEnterWhileLoop" classname="TestCommission" time="0.398"/>
  <system-out><![CDATA[]]></system-out>
  <system-err><![CDATA[Nov 16, 2023 4:07:20 PM CalculateCommission getCommission
INFO: Total sales: 2500.0
Nov 16, 2023 4:07:20 PM CalculateCommission getCommission
INFO: Commission is: $520.0
]]></system-err>
</testsuite>
